[20-Oct-2018 23:11:36 UTC] PHP Fatal error:  Call to undefined function displayResults() in /home/ubuntu/workspace/cst336/Labs/lab5/scart/index.php on line 52
[20-Oct-2018 23:11:36 UTC] PHP Stack trace:
[20-Oct-2018 23:11:36 UTC] PHP   1. {main}() /home/ubuntu/workspace/cst336/Labs/lab5/scart/index.php:0
[20-Oct-2018 23:20:49 UTC] PHP Parse error:  syntax error, unexpected ';' in /home/ubuntu/workspace/cst336/Labs/lab5/scart/scart.php on line 43
[20-Oct-2018 23:40:31 UTC] PHP Warning:  array_push() expects parameter 1 to be array, string given in /home/ubuntu/workspace/cst336/Labs/lab5/scart/index.php on line 7
[20-Oct-2018 23:40:31 UTC] PHP Stack trace:
[20-Oct-2018 23:40:31 UTC] PHP   1. {main}() /home/ubuntu/workspace/cst336/Labs/lab5/scart/index.php:0
[20-Oct-2018 23:40:31 UTC] PHP   2. array_push() /home/ubuntu/workspace/cst336/Labs/lab5/scart/index.php:7
[20-Oct-2018 23:40:33 UTC] PHP Warning:  array_push() expects parameter 1 to be array, string given in /home/ubuntu/workspace/cst336/Labs/lab5/scart/index.php on line 7
[20-Oct-2018 23:40:33 UTC] PHP Stack trace:
[20-Oct-2018 23:40:33 UTC] PHP   1. {main}() /home/ubuntu/workspace/cst336/Labs/lab5/scart/index.php:0
[20-Oct-2018 23:40:33 UTC] PHP   2. array_push() /home/ubuntu/workspace/cst336/Labs/lab5/scart/index.php:7
[20-Oct-2018 23:40:56 UTC] PHP Warning:  array_push() expects parameter 1 to be array, string given in /home/ubuntu/workspace/cst336/Labs/lab5/scart/index.php on line 7
[20-Oct-2018 23:40:56 UTC] PHP Stack trace:
[20-Oct-2018 23:40:56 UTC] PHP   1. {main}() /home/ubuntu/workspace/cst336/Labs/lab5/scart/index.php:0
[20-Oct-2018 23:40:56 UTC] PHP   2. array_push() /home/ubuntu/workspace/cst336/Labs/lab5/scart/index.php:7
[20-Oct-2018 23:40:59 UTC] PHP Warning:  array_push() expects parameter 1 to be array, string given in /home/ubuntu/workspace/cst336/Labs/lab5/scart/index.php on line 7
[20-Oct-2018 23:40:59 UTC] PHP Stack trace:
[20-Oct-2018 23:40:59 UTC] PHP   1. {main}() /home/ubuntu/workspace/cst336/Labs/lab5/scart/index.php:0
[20-Oct-2018 23:40:59 UTC] PHP   2. array_push() /home/ubuntu/workspace/cst336/Labs/lab5/scart/index.php:7
[20-Oct-2018 23:42:08 UTC] PHP Warning:  array_push() expects parameter 1 to be array, string given in /home/ubuntu/workspace/cst336/Labs/lab5/scart/index.php on line 7
[20-Oct-2018 23:42:08 UTC] PHP Stack trace:
[20-Oct-2018 23:42:08 UTC] PHP   1. {main}() /home/ubuntu/workspace/cst336/Labs/lab5/scart/index.php:0
[20-Oct-2018 23:42:08 UTC] PHP   2. array_push() /home/ubuntu/workspace/cst336/Labs/lab5/scart/index.php:7
[20-Oct-2018 23:42:10 UTC] PHP Warning:  array_push() expects parameter 1 to be array, string given in /home/ubuntu/workspace/cst336/Labs/lab5/scart/index.php on line 7
[20-Oct-2018 23:42:10 UTC] PHP Stack trace:
[20-Oct-2018 23:42:10 UTC] PHP   1. {main}() /home/ubuntu/workspace/cst336/Labs/lab5/scart/index.php:0
[20-Oct-2018 23:42:10 UTC] PHP   2. array_push() /home/ubuntu/workspace/cst336/Labs/lab5/scart/index.php:7
[20-Oct-2018 23:42:11 UTC] PHP Fatal error:  Call to undefined function displayCart() in /home/ubuntu/workspace/cst336/Labs/lab5/scart/scart.php on line 45
[20-Oct-2018 23:42:11 UTC] PHP Stack trace:
[20-Oct-2018 23:42:11 UTC] PHP   1. {main}() /home/ubuntu/workspace/cst336/Labs/lab5/scart/scart.php:0
[20-Oct-2018 23:44:00 UTC] PHP Warning:  array_push() expects parameter 1 to be array, string given in /home/ubuntu/workspace/cst336/Labs/lab5/scart/index.php on line 7
[20-Oct-2018 23:44:00 UTC] PHP Stack trace:
[20-Oct-2018 23:44:00 UTC] PHP   1. {main}() /home/ubuntu/workspace/cst336/Labs/lab5/scart/index.php:0
[20-Oct-2018 23:44:00 UTC] PHP   2. array_push() /home/ubuntu/workspace/cst336/Labs/lab5/scart/index.php:7
[20-Oct-2018 23:44:02 UTC] PHP Warning:  array_push() expects parameter 1 to be array, string given in /home/ubuntu/workspace/cst336/Labs/lab5/scart/index.php on line 7
[20-Oct-2018 23:44:02 UTC] PHP Stack trace:
[20-Oct-2018 23:44:02 UTC] PHP   1. {main}() /home/ubuntu/workspace/cst336/Labs/lab5/scart/index.php:0
[20-Oct-2018 23:44:02 UTC] PHP   2. array_push() /home/ubuntu/workspace/cst336/Labs/lab5/scart/index.php:7
[20-Oct-2018 23:44:39 UTC] PHP Warning:  Invalid argument supplied for foreach() in /home/ubuntu/workspace/cst336/Labs/lab5/scart/functions.php on line 38
[20-Oct-2018 23:44:39 UTC] PHP Stack trace:
[20-Oct-2018 23:44:39 UTC] PHP   1. {main}() /home/ubuntu/workspace/cst336/Labs/lab5/scart/scart.php:0
[20-Oct-2018 23:44:39 UTC] PHP   2. displayCart() /home/ubuntu/workspace/cst336/Labs/lab5/scart/scart.php:47
[20-Oct-2018 23:45:20 UTC] PHP Warning:  Invalid argument supplied for foreach() in /home/ubuntu/workspace/cst336/Labs/lab5/scart/functions.php on line 38
[20-Oct-2018 23:45:20 UTC] PHP Stack trace:
[20-Oct-2018 23:45:20 UTC] PHP   1. {main}() /home/ubuntu/workspace/cst336/Labs/lab5/scart/scart.php:0
[20-Oct-2018 23:45:20 UTC] PHP   2. displayCart() /home/ubuntu/workspace/cst336/Labs/lab5/scart/scart.php:47
[20-Oct-2018 23:46:10 UTC] PHP Warning:  Invalid argument supplied for foreach() in /home/ubuntu/workspace/cst336/Labs/lab5/scart/functions.php on line 38
[20-Oct-2018 23:46:10 UTC] PHP Stack trace:
[20-Oct-2018 23:46:10 UTC] PHP   1. {main}() /home/ubuntu/workspace/cst336/Labs/lab5/scart/scart.php:0
[20-Oct-2018 23:46:10 UTC] PHP   2. displayCart() /home/ubuntu/workspace/cst336/Labs/lab5/scart/scart.php:47
[20-Oct-2018 23:46:20 UTC] PHP Warning:  Invalid argument supplied for foreach() in /home/ubuntu/workspace/cst336/Labs/lab5/scart/functions.php on line 38
[20-Oct-2018 23:46:20 UTC] PHP Stack trace:
[20-Oct-2018 23:46:20 UTC] PHP   1. {main}() /home/ubuntu/workspace/cst336/Labs/lab5/scart/scart.php:0
[20-Oct-2018 23:46:20 UTC] PHP   2. displayCart() /home/ubuntu/workspace/cst336/Labs/lab5/scart/scart.php:47
[21-Oct-2018 07:40:01 UTC] PHP Warning:  array_push() expects parameter 1 to be array, string given in /home/ubuntu/workspace/cst336/Labs/lab5/scart/index.php on line 7
[21-Oct-2018 07:40:01 UTC] PHP Stack trace:
[21-Oct-2018 07:40:01 UTC] PHP   1. {main}() /home/ubuntu/workspace/cst336/Labs/lab5/scart/index.php:0
[21-Oct-2018 07:40:01 UTC] PHP   2. array_push() /home/ubuntu/workspace/cst336/Labs/lab5/scart/index.php:7
[21-Oct-2018 07:40:22 UTC] PHP Warning:  array_push() expects parameter 1 to be array, string given in /home/ubuntu/workspace/cst336/Labs/lab5/scart/index.php on line 7
[21-Oct-2018 07:40:22 UTC] PHP Stack trace:
[21-Oct-2018 07:40:22 UTC] PHP   1. {main}() /home/ubuntu/workspace/cst336/Labs/lab5/scart/index.php:0
[21-Oct-2018 07:40:22 UTC] PHP   2. array_push() /home/ubuntu/workspace/cst336/Labs/lab5/scart/index.php:7
[21-Oct-2018 07:40:25 UTC] PHP Warning:  Invalid argument supplied for foreach() in /home/ubuntu/workspace/cst336/Labs/lab5/scart/functions.php on line 38
[21-Oct-2018 07:40:25 UTC] PHP Stack trace:
[21-Oct-2018 07:40:25 UTC] PHP   1. {main}() /home/ubuntu/workspace/cst336/Labs/lab5/scart/scart.php:0
[21-Oct-2018 07:40:25 UTC] PHP   2. displayCart() /home/ubuntu/workspace/cst336/Labs/lab5/scart/scart.php:47
[21-Oct-2018 07:46:25 UTC] PHP Warning:  Invalid argument supplied for foreach() in /home/ubuntu/workspace/cst336/Labs/lab5/scart/functions.php on line 8
[21-Oct-2018 07:46:25 UTC] PHP Stack trace:
[21-Oct-2018 07:46:25 UTC] PHP   1. {main}() /home/ubuntu/workspace/cst336/Labs/lab5/scart/scart.php:0
[21-Oct-2018 07:46:25 UTC] PHP   2. displayCart() /home/ubuntu/workspace/cst336/Labs/lab5/scart/scart.php:47
[21-Oct-2018 07:47:30 UTC] PHP Warning:  Invalid argument supplied for foreach() in /home/ubuntu/workspace/cst336/Labs/lab5/scart/functions.php on line 8
[21-Oct-2018 07:47:30 UTC] PHP Stack trace:
[21-Oct-2018 07:47:30 UTC] PHP   1. {main}() /home/ubuntu/workspace/cst336/Labs/lab5/scart/scart.php:0
[21-Oct-2018 07:47:30 UTC] PHP   2. displayCart() /home/ubuntu/workspace/cst336/Labs/lab5/scart/scart.php:47
[21-Oct-2018 07:50:50 UTC] PHP Warning:  Invalid argument supplied for foreach() in /home/ubuntu/workspace/cst336/Labs/lab5/scart/functions.php on line 8
[21-Oct-2018 07:50:50 UTC] PHP Stack trace:
[21-Oct-2018 07:50:50 UTC] PHP   1. {main}() /home/ubuntu/workspace/cst336/Labs/lab5/scart/scart.php:0
[21-Oct-2018 07:50:50 UTC] PHP   2. displayCart() /home/ubuntu/workspace/cst336/Labs/lab5/scart/scart.php:47
[21-Oct-2018 07:51:20 UTC] PHP Warning:  array_push() expects parameter 1 to be array, string given in /home/ubuntu/workspace/cst336/Labs/lab5/scart/index.php on line 11
[21-Oct-2018 07:51:20 UTC] PHP Stack trace:
[21-Oct-2018 07:51:20 UTC] PHP   1. {main}() /home/ubuntu/workspace/cst336/Labs/lab5/scart/index.php:0
[21-Oct-2018 07:51:20 UTC] PHP   2. array_push() /home/ubuntu/workspace/cst336/Labs/lab5/scart/index.php:11
[21-Oct-2018 07:51:23 UTC] PHP Warning:  array_push() expects parameter 1 to be array, string given in /home/ubuntu/workspace/cst336/Labs/lab5/scart/index.php on line 11
[21-Oct-2018 07:51:23 UTC] PHP Stack trace:
[21-Oct-2018 07:51:23 UTC] PHP   1. {main}() /home/ubuntu/workspace/cst336/Labs/lab5/scart/index.php:0
[21-Oct-2018 07:51:23 UTC] PHP   2. array_push() /home/ubuntu/workspace/cst336/Labs/lab5/scart/index.php:11
[21-Oct-2018 07:51:57 UTC] PHP Warning:  Invalid argument supplied for foreach() in /home/ubuntu/workspace/cst336/Labs/lab5/scart/functions.php on line 8
[21-Oct-2018 07:51:57 UTC] PHP Stack trace:
[21-Oct-2018 07:51:57 UTC] PHP   1. {main}() /home/ubuntu/workspace/cst336/Labs/lab5/scart/scart.php:0
[21-Oct-2018 07:51:57 UTC] PHP   2. displayCart() /home/ubuntu/workspace/cst336/Labs/lab5/scart/scart.php:47
[21-Oct-2018 08:02:44 UTC] PHP Warning:  array_push() expects parameter 1 to be array, string given in /home/ubuntu/workspace/cst336/Labs/lab5/scart/index.php on line 20
[21-Oct-2018 08:02:44 UTC] PHP Stack trace:
[21-Oct-2018 08:02:44 UTC] PHP   1. {main}() /home/ubuntu/workspace/cst336/Labs/lab5/scart/index.php:0
[21-Oct-2018 08:02:44 UTC] PHP   2. array_push() /home/ubuntu/workspace/cst336/Labs/lab5/scart/index.php:20
[21-Oct-2018 08:02:50 UTC] PHP Warning:  array_push() expects parameter 1 to be array, string given in /home/ubuntu/workspace/cst336/Labs/lab5/scart/index.php on line 20
[21-Oct-2018 08:02:50 UTC] PHP Stack trace:
[21-Oct-2018 08:02:50 UTC] PHP   1. {main}() /home/ubuntu/workspace/cst336/Labs/lab5/scart/index.php:0
[21-Oct-2018 08:02:50 UTC] PHP   2. array_push() /home/ubuntu/workspace/cst336/Labs/lab5/scart/index.php:20
[21-Oct-2018 08:02:52 UTC] PHP Warning:  Invalid argument supplied for foreach() in /home/ubuntu/workspace/cst336/Labs/lab5/scart/functions.php on line 8
[21-Oct-2018 08:02:52 UTC] PHP Stack trace:
[21-Oct-2018 08:02:52 UTC] PHP   1. {main}() /home/ubuntu/workspace/cst336/Labs/lab5/scart/scart.php:0
[21-Oct-2018 08:02:52 UTC] PHP   2. displayCart() /home/ubuntu/workspace/cst336/Labs/lab5/scart/scart.php:47
[21-Oct-2018 08:06:28 UTC] PHP Warning:  Invalid argument supplied for foreach() in /home/ubuntu/workspace/cst336/Labs/lab5/scart/functions.php on line 8
[21-Oct-2018 08:06:28 UTC] PHP Stack trace:
[21-Oct-2018 08:06:28 UTC] PHP   1. {main}() /home/ubuntu/workspace/cst336/Labs/lab5/scart/scart.php:0
[21-Oct-2018 08:06:28 UTC] PHP   2. displayCart() /home/ubuntu/workspace/cst336/Labs/lab5/scart/scart.php:47
[21-Oct-2018 08:10:21 UTC] PHP Warning:  Invalid argument supplied for foreach() in /home/ubuntu/workspace/cst336/Labs/lab5/scart/functions.php on line 8
[21-Oct-2018 08:10:21 UTC] PHP Stack trace:
[21-Oct-2018 08:10:21 UTC] PHP   1. {main}() /home/ubuntu/workspace/cst336/Labs/lab5/scart/scart.php:0
[21-Oct-2018 08:10:21 UTC] PHP   2. displayCart() /home/ubuntu/workspace/cst336/Labs/lab5/scart/scart.php:49
[21-Oct-2018 08:22:44 UTC] PHP Warning:  Invalid argument supplied for foreach() in /home/ubuntu/workspace/cst336/Labs/lab5/scart/index.php on line 26
[21-Oct-2018 08:22:44 UTC] PHP Stack trace:
[21-Oct-2018 08:22:44 UTC] PHP   1. {main}() /home/ubuntu/workspace/cst336/Labs/lab5/scart/index.php:0
[21-Oct-2018 08:22:44 UTC] PHP Warning:  array_push() expects parameter 1 to be array, string given in /home/ubuntu/workspace/cst336/Labs/lab5/scart/index.php on line 36
[21-Oct-2018 08:22:44 UTC] PHP Stack trace:
[21-Oct-2018 08:22:44 UTC] PHP   1. {main}() /home/ubuntu/workspace/cst336/Labs/lab5/scart/index.php:0
[21-Oct-2018 08:22:44 UTC] PHP   2. array_push() /home/ubuntu/workspace/cst336/Labs/lab5/scart/index.php:36
[21-Oct-2018 08:39:45 UTC] PHP Warning:  Invalid argument supplied for foreach() in /home/ubuntu/workspace/cst336/Labs/lab5/scart/index.php on line 26
[21-Oct-2018 08:39:45 UTC] PHP Stack trace:
[21-Oct-2018 08:39:45 UTC] PHP   1. {main}() /home/ubuntu/workspace/cst336/Labs/lab5/scart/index.php:0
[21-Oct-2018 08:39:45 UTC] PHP Warning:  array_push() expects parameter 1 to be array, string given in /home/ubuntu/workspace/cst336/Labs/lab5/scart/index.php on line 36
[21-Oct-2018 08:39:45 UTC] PHP Stack trace:
[21-Oct-2018 08:39:45 UTC] PHP   1. {main}() /home/ubuntu/workspace/cst336/Labs/lab5/scart/index.php:0
[21-Oct-2018 08:39:45 UTC] PHP   2. array_push() /home/ubuntu/workspace/cst336/Labs/lab5/scart/index.php:36
[21-Oct-2018 08:39:48 UTC] PHP Warning:  Invalid argument supplied for foreach() in /home/ubuntu/workspace/cst336/Labs/lab5/scart/index.php on line 26
[21-Oct-2018 08:39:48 UTC] PHP Stack trace:
[21-Oct-2018 08:39:48 UTC] PHP   1. {main}() /home/ubuntu/workspace/cst336/Labs/lab5/scart/index.php:0
[21-Oct-2018 08:39:48 UTC] PHP Warning:  array_push() expects parameter 1 to be array, string given in /home/ubuntu/workspace/cst336/Labs/lab5/scart/index.php on line 36
[21-Oct-2018 08:39:48 UTC] PHP Stack trace:
[21-Oct-2018 08:39:48 UTC] PHP   1. {main}() /home/ubuntu/workspace/cst336/Labs/lab5/scart/index.php:0
[21-Oct-2018 08:39:48 UTC] PHP   2. array_push() /home/ubuntu/workspace/cst336/Labs/lab5/scart/index.php:36
[21-Oct-2018 08:39:55 UTC] PHP Warning:  Invalid argument supplied for foreach() in /home/ubuntu/workspace/cst336/Labs/lab5/scart/index.php on line 26
[21-Oct-2018 08:39:55 UTC] PHP Stack trace:
[21-Oct-2018 08:39:55 UTC] PHP   1. {main}() /home/ubuntu/workspace/cst336/Labs/lab5/scart/index.php:0
[21-Oct-2018 08:39:55 UTC] PHP Warning:  array_push() expects parameter 1 to be array, string given in /home/ubuntu/workspace/cst336/Labs/lab5/scart/index.php on line 36
[21-Oct-2018 08:39:55 UTC] PHP Stack trace:
[21-Oct-2018 08:39:55 UTC] PHP   1. {main}() /home/ubuntu/workspace/cst336/Labs/lab5/scart/index.php:0
[21-Oct-2018 08:39:55 UTC] PHP   2. array_push() /home/ubuntu/workspace/cst336/Labs/lab5/scart/index.php:36
[21-Oct-2018 08:39:57 UTC] PHP Warning:  Invalid argument supplied for foreach() in /home/ubuntu/workspace/cst336/Labs/lab5/scart/index.php on line 26
[21-Oct-2018 08:39:57 UTC] PHP Stack trace:
[21-Oct-2018 08:39:57 UTC] PHP   1. {main}() /home/ubuntu/workspace/cst336/Labs/lab5/scart/index.php:0
[21-Oct-2018 08:39:57 UTC] PHP Warning:  array_push() expects parameter 1 to be array, string given in /home/ubuntu/workspace/cst336/Labs/lab5/scart/index.php on line 36
[21-Oct-2018 08:39:57 UTC] PHP Stack trace:
[21-Oct-2018 08:39:57 UTC] PHP   1. {main}() /home/ubuntu/workspace/cst336/Labs/lab5/scart/index.php:0
[21-Oct-2018 08:39:57 UTC] PHP   2. array_push() /home/ubuntu/workspace/cst336/Labs/lab5/scart/index.php:36
[21-Oct-2018 08:43:45 UTC] PHP Warning:  Invalid argument supplied for foreach() in /home/ubuntu/workspace/cst336/Labs/lab5/scart/index.php on line 26
[21-Oct-2018 08:43:45 UTC] PHP Stack trace:
[21-Oct-2018 08:43:45 UTC] PHP   1. {main}() /home/ubuntu/workspace/cst336/Labs/lab5/scart/index.php:0
[21-Oct-2018 08:43:45 UTC] PHP Warning:  array_push() expects parameter 1 to be array, string given in /home/ubuntu/workspace/cst336/Labs/lab5/scart/index.php on line 36
[21-Oct-2018 08:43:45 UTC] PHP Stack trace:
[21-Oct-2018 08:43:45 UTC] PHP   1. {main}() /home/ubuntu/workspace/cst336/Labs/lab5/scart/index.php:0
[21-Oct-2018 08:43:45 UTC] PHP   2. array_push() /home/ubuntu/workspace/cst336/Labs/lab5/scart/index.php:36
[21-Oct-2018 08:43:49 UTC] PHP Warning:  Invalid argument supplied for foreach() in /home/ubuntu/workspace/cst336/Labs/lab5/scart/index.php on line 26
[21-Oct-2018 08:43:49 UTC] PHP Stack trace:
[21-Oct-2018 08:43:49 UTC] PHP   1. {main}() /home/ubuntu/workspace/cst336/Labs/lab5/scart/index.php:0
[21-Oct-2018 08:43:49 UTC] PHP Warning:  array_push() expects parameter 1 to be array, string given in /home/ubuntu/workspace/cst336/Labs/lab5/scart/index.php on line 36
[21-Oct-2018 08:43:49 UTC] PHP Stack trace:
[21-Oct-2018 08:43:49 UTC] PHP   1. {main}() /home/ubuntu/workspace/cst336/Labs/lab5/scart/index.php:0
[21-Oct-2018 08:43:49 UTC] PHP   2. array_push() /home/ubuntu/workspace/cst336/Labs/lab5/scart/index.php:36
[21-Oct-2018 08:43:54 UTC] PHP Warning:  Invalid argument supplied for foreach() in /home/ubuntu/workspace/cst336/Labs/lab5/scart/index.php on line 26
[21-Oct-2018 08:43:54 UTC] PHP Stack trace:
[21-Oct-2018 08:43:54 UTC] PHP   1. {main}() /home/ubuntu/workspace/cst336/Labs/lab5/scart/index.php:0
[21-Oct-2018 08:43:54 UTC] PHP Warning:  array_push() expects parameter 1 to be array, string given in /home/ubuntu/workspace/cst336/Labs/lab5/scart/index.php on line 36
[21-Oct-2018 08:43:54 UTC] PHP Stack trace:
[21-Oct-2018 08:43:54 UTC] PHP   1. {main}() /home/ubuntu/workspace/cst336/Labs/lab5/scart/index.php:0
[21-Oct-2018 08:43:54 UTC] PHP   2. array_push() /home/ubuntu/workspace/cst336/Labs/lab5/scart/index.php:36
[21-Oct-2018 08:49:48 UTC] PHP Warning:  Invalid argument supplied for foreach() in /home/ubuntu/workspace/cst336/Labs/lab5/scart/index.php on line 26
[21-Oct-2018 08:49:48 UTC] PHP Stack trace:
[21-Oct-2018 08:49:48 UTC] PHP   1. {main}() /home/ubuntu/workspace/cst336/Labs/lab5/scart/index.php:0
[21-Oct-2018 08:49:48 UTC] PHP Warning:  array_push() expects parameter 1 to be array, string given in /home/ubuntu/workspace/cst336/Labs/lab5/scart/index.php on line 36
[21-Oct-2018 08:49:48 UTC] PHP Stack trace:
[21-Oct-2018 08:49:48 UTC] PHP   1. {main}() /home/ubuntu/workspace/cst336/Labs/lab5/scart/index.php:0
[21-Oct-2018 08:49:48 UTC] PHP   2. array_push() /home/ubuntu/workspace/cst336/Labs/lab5/scart/index.php:36
[21-Oct-2018 08:49:53 UTC] PHP Warning:  Invalid argument supplied for foreach() in /home/ubuntu/workspace/cst336/Labs/lab5/scart/functions.php on line 8
[21-Oct-2018 08:49:53 UTC] PHP Stack trace:
[21-Oct-2018 08:49:53 UTC] PHP   1. {main}() /home/ubuntu/workspace/cst336/Labs/lab5/scart/scart.php:0
[21-Oct-2018 08:49:53 UTC] PHP   2. displayCart() /home/ubuntu/workspace/cst336/Labs/lab5/scart/scart.php:66
[21-Oct-2018 08:59:26 UTC] PHP Warning:  Invalid argument supplied for foreach() in /home/ubuntu/workspace/cst336/Labs/lab5/scart/functions.php on line 8
[21-Oct-2018 08:59:26 UTC] PHP Stack trace:
[21-Oct-2018 08:59:26 UTC] PHP   1. {main}() /home/ubuntu/workspace/cst336/Labs/lab5/scart/scart.php:0
[21-Oct-2018 08:59:26 UTC] PHP   2. displayCart() /home/ubuntu/workspace/cst336/Labs/lab5/scart/scart.php:66
[21-Oct-2018 08:59:39 UTC] PHP Warning:  Invalid argument supplied for foreach() in /home/ubuntu/workspace/cst336/Labs/lab5/scart/index.php on line 26
[21-Oct-2018 08:59:39 UTC] PHP Stack trace:
[21-Oct-2018 08:59:39 UTC] PHP   1. {main}() /home/ubuntu/workspace/cst336/Labs/lab5/scart/index.php:0
[21-Oct-2018 08:59:39 UTC] PHP Warning:  array_push() expects parameter 1 to be array, string given in /home/ubuntu/workspace/cst336/Labs/lab5/scart/index.php on line 36
[21-Oct-2018 08:59:39 UTC] PHP Stack trace:
[21-Oct-2018 08:59:39 UTC] PHP   1. {main}() /home/ubuntu/workspace/cst336/Labs/lab5/scart/index.php:0
[21-Oct-2018 08:59:39 UTC] PHP   2. array_push() /home/ubuntu/workspace/cst336/Labs/lab5/scart/index.php:36
[21-Oct-2018 08:59:41 UTC] PHP Warning:  Invalid argument supplied for foreach() in /home/ubuntu/workspace/cst336/Labs/lab5/scart/functions.php on line 8
[21-Oct-2018 08:59:41 UTC] PHP Stack trace:
[21-Oct-2018 08:59:41 UTC] PHP   1. {main}() /home/ubuntu/workspace/cst336/Labs/lab5/scart/scart.php:0
[21-Oct-2018 08:59:41 UTC] PHP   2. displayCart() /home/ubuntu/workspace/cst336/Labs/lab5/scart/scart.php:66
