[06-Oct-2018 08:14:41 UTC] PHP Parse error:  syntax error, unexpected end of file in /home/ubuntu/workspace/cst336/Labs/lab3/inc/function_John.php on line 62
[06-Oct-2018 08:14:41 UTC] PHP Stack trace:
[06-Oct-2018 08:14:41 UTC] PHP   1. {main}() /home/ubuntu/workspace/cst336/Labs/lab3/index.php:0
[08-Oct-2018 22:45:17 UTC] PHP Fatal error:  Uncaught exception 'PDOException' with message 'SQLSTATE[HY000] [1049] Unknown database 'ottermart'' in /home/ubuntu/workspace/cst336/Labs/lab6/index.php:8
Stack trace:
#0 /home/ubuntu/workspace/cst336/Labs/lab6/index.php(8): PDO->__construct('mysql:host=loca...', 'root', '')
#1 {main}
  thrown in /home/ubuntu/workspace/cst336/Labs/lab6/index.php on line 8
[10-Oct-2018 22:01:02 UTC] PHP Fatal error:  Undefined class constant 'FETCH_ACCOS' in /home/ubuntu/workspace/cst336/Labs/lab6/index.php on line 14
[10-Oct-2018 22:01:02 UTC] PHP Stack trace:
[10-Oct-2018 22:01:02 UTC] PHP   1. {main}() /home/ubuntu/workspace/cst336/Labs/lab6/index.php:0
[10-Oct-2018 22:05:56 UTC] PHP Warning:  Missing argument 1 for displayCategories(), called in /home/ubuntu/workspace/cst336/Labs/lab6/index.php on line 37 and defined in /home/ubuntu/workspace/cst336/Labs/lab6/index.php on line 11
[10-Oct-2018 22:05:56 UTC] PHP Stack trace:
[10-Oct-2018 22:05:56 UTC] PHP   1. {main}() /home/ubuntu/workspace/cst336/Labs/lab6/index.php:0
[10-Oct-2018 22:05:56 UTC] PHP   2. displayCategories() /home/ubuntu/workspace/cst336/Labs/lab6/index.php:37
[10-Oct-2018 22:05:56 UTC] PHP Fatal error:  Call to a member function prepare() on a non-object in /home/ubuntu/workspace/cst336/Labs/lab6/index.php on line 14
[10-Oct-2018 22:05:56 UTC] PHP Stack trace:
[10-Oct-2018 22:05:56 UTC] PHP   1. {main}() /home/ubuntu/workspace/cst336/Labs/lab6/index.php:0
[10-Oct-2018 22:05:56 UTC] PHP   2. displayCategories() /home/ubuntu/workspace/cst336/Labs/lab6/index.php:37
[10-Oct-2018 22:26:33 UTC] PHP Parse error:  syntax error, unexpected end of file in /home/ubuntu/workspace/cst336/Labs/lab6/index.php on line 69
[10-Oct-2018 22:28:03 UTC] PHP Fatal error:  Call to undefined function filterProducts() in /home/ubuntu/workspace/cst336/Labs/lab6/index.php on line 58
[10-Oct-2018 22:28:03 UTC] PHP Stack trace:
[10-Oct-2018 22:28:03 UTC] PHP   1. {main}() /home/ubuntu/workspace/cst336/Labs/lab6/index.php:0
[10-Oct-2018 22:28:28 UTC] PHP Parse error:  syntax error, unexpected '}' in /home/ubuntu/workspace/cst336/Labs/lab6/index.php on line 45
[10-Oct-2018 22:28:42 UTC] PHP Fatal error:  Call to a member function prepare() on a non-object in /home/ubuntu/workspace/cst336/Labs/lab6/index.php on line 36
[10-Oct-2018 22:28:42 UTC] PHP Stack trace:
[10-Oct-2018 22:28:42 UTC] PHP   1. {main}() /home/ubuntu/workspace/cst336/Labs/lab6/index.php:0
[10-Oct-2018 22:28:42 UTC] PHP   2. filterProducts() /home/ubuntu/workspace/cst336/Labs/lab6/index.php:59
[10-Oct-2018 22:30:09 UTC] PHP Fatal error:  Call to a member function prepare() on a non-object in /home/ubuntu/workspace/cst336/Labs/lab6/index.php on line 36
[10-Oct-2018 22:30:09 UTC] PHP Stack trace:
[10-Oct-2018 22:30:09 UTC] PHP   1. {main}() /home/ubuntu/workspace/cst336/Labs/lab6/index.php:0
[10-Oct-2018 22:30:09 UTC] PHP   2. filterProducts() /home/ubuntu/workspace/cst336/Labs/lab6/index.php:59
[10-Oct-2018 22:30:15 UTC] PHP Fatal error:  Call to a member function prepare() on a non-object in /home/ubuntu/workspace/cst336/Labs/lab6/index.php on line 36
[10-Oct-2018 22:30:15 UTC] PHP Stack trace:
[10-Oct-2018 22:30:15 UTC] PHP   1. {main}() /home/ubuntu/workspace/cst336/Labs/lab6/index.php:0
[10-Oct-2018 22:30:15 UTC] PHP   2. filterProducts() /home/ubuntu/workspace/cst336/Labs/lab6/index.php:59
[10-Oct-2018 22:31:20 UTC] PHP Fatal error:  Uncaught exception 'PDOException' with message 'SQLSTATE[42S22]: Column not found: 1054 Unknown column 'productionDescription' in 'where clause'' in /home/ubuntu/workspace/cst336/Labs/lab6/index.php:38
Stack trace:
#0 /home/ubuntu/workspace/cst336/Labs/lab6/index.php(38): PDOStatement->execute()
#1 /home/ubuntu/workspace/cst336/Labs/lab6/index.php(60): filterProducts()
#2 {main}
  thrown in /home/ubuntu/workspace/cst336/Labs/lab6/index.php on line 38
[10-Oct-2018 22:41:25 UTC] PHP Fatal error:  Uncaught exception 'PDOException' with message 'SQLSTATE[HY093]: Invalid parameter number: no parameters were bound' in /home/ubuntu/workspace/cst336/Labs/lab6/index.php:43
Stack trace:
#0 /home/ubuntu/workspace/cst336/Labs/lab6/index.php(43): PDOStatement->execute()
#1 /home/ubuntu/workspace/cst336/Labs/lab6/index.php(74): filterProducts()
#2 {main}
  thrown in /home/ubuntu/workspace/cst336/Labs/lab6/index.php on line 43
[15-Oct-2018 22:14:25 UTC] PHP Fatal error:  Uncaught exception 'PDOException' with message 'SQLSTATE[42000]: Syntax error or access violation: 1064 You have an error in your SQL syntax; check the manual that corresponds to your MySQL server version for the right syntax to use near '0' at line 1' in /home/ubuntu/workspace/cst336/Labs/lab6/index.php:55
Stack trace:
#0 /home/ubuntu/workspace/cst336/Labs/lab6/index.php(55): PDOStatement->execute(Array)
#1 /home/ubuntu/workspace/cst336/Labs/lab6/index.php(90): filterProducts()
#2 {main}
  thrown in /home/ubuntu/workspace/cst336/Labs/lab6/index.php on line 55
[15-Oct-2018 22:20:40 UTC] PHP Fatal error:  Uncaught exception 'PDOException' with message 'SQLSTATE[42000]: Syntax error or access violation: 1064 You have an error in your SQL syntax; check the manual that corresponds to your MySQL server version for the right syntax to use near '0' at line 1' in /home/ubuntu/workspace/cst336/Labs/lab6/index.php:55
Stack trace:
#0 /home/ubuntu/workspace/cst336/Labs/lab6/index.php(55): PDOStatement->execute(Array)
#1 /home/ubuntu/workspace/cst336/Labs/lab6/index.php(90): filterProducts()
#2 {main}
  thrown in /home/ubuntu/workspace/cst336/Labs/lab6/index.php on line 55
[15-Oct-2018 22:21:05 UTC] PHP Fatal error:  Uncaught exception 'PDOException' with message 'SQLSTATE[42000]: Syntax error or access violation: 1064 You have an error in your SQL syntax; check the manual that corresponds to your MySQL server version for the right syntax to use near '0' at line 1' in /home/ubuntu/workspace/cst336/Labs/lab6/index.php:55
Stack trace:
#0 /home/ubuntu/workspace/cst336/Labs/lab6/index.php(55): PDOStatement->execute(Array)
#1 /home/ubuntu/workspace/cst336/Labs/lab6/index.php(90): filterProducts()
#2 {main}
  thrown in /home/ubuntu/workspace/cst336/Labs/lab6/index.php on line 55
[15-Oct-2018 22:21:57 UTC] PHP Fatal error:  Uncaught exception 'PDOException' with message 'SQLSTATE[42000]: Syntax error or access violation: 1064 You have an error in your SQL syntax; check the manual that corresponds to your MySQL server version for the right syntax to use near '0' at line 1' in /home/ubuntu/workspace/cst336/Labs/lab6/index.php:55
Stack trace:
#0 /home/ubuntu/workspace/cst336/Labs/lab6/index.php(55): PDOStatement->execute(Array)
#1 /home/ubuntu/workspace/cst336/Labs/lab6/index.php(90): filterProducts()
#2 {main}
  thrown in /home/ubuntu/workspace/cst336/Labs/lab6/index.php on line 55
[15-Oct-2018 22:24:44 UTC] PHP Fatal error:  Uncaught exception 'PDOException' with message 'SQLSTATE[42000]: Syntax error or access violation: 1064 You have an error in your SQL syntax; check the manual that corresponds to your MySQL server version for the right syntax to use near '0' at line 1' in /home/ubuntu/workspace/cst336/Labs/lab6/index.php:55
Stack trace:
#0 /home/ubuntu/workspace/cst336/Labs/lab6/index.php(55): PDOStatement->execute(Array)
#1 /home/ubuntu/workspace/cst336/Labs/lab6/index.php(90): filterProducts()
#2 {main}
  thrown in /home/ubuntu/workspace/cst336/Labs/lab6/index.php on line 55
[15-Oct-2018 22:25:36 UTC] PHP Fatal error:  Uncaught exception 'PDOException' with message 'SQLSTATE[42000]: Syntax error or access violation: 1064 You have an error in your SQL syntax; check the manual that corresponds to your MySQL server version for the right syntax to use near '0' at line 1' in /home/ubuntu/workspace/cst336/Labs/lab6/index.php:55
Stack trace:
#0 /home/ubuntu/workspace/cst336/Labs/lab6/index.php(55): PDOStatement->execute(Array)
#1 /home/ubuntu/workspace/cst336/Labs/lab6/index.php(90): filterProducts()
#2 {main}
  thrown in /home/ubuntu/workspace/cst336/Labs/lab6/index.php on line 55
[15-Oct-2018 22:27:00 UTC] PHP Fatal error:  Uncaught exception 'PDOException' with message 'SQLSTATE[42000]: Syntax error or access violation: 1064 You have an error in your SQL syntax; check the manual that corresponds to your MySQL server version for the right syntax to use near '0' at line 1' in /home/ubuntu/workspace/cst336/Labs/lab6/index.php:55
Stack trace:
#0 /home/ubuntu/workspace/cst336/Labs/lab6/index.php(55): PDOStatement->execute(Array)
#1 /home/ubuntu/workspace/cst336/Labs/lab6/index.php(90): filterProducts()
#2 {main}
  thrown in /home/ubuntu/workspace/cst336/Labs/lab6/index.php on line 55
[15-Oct-2018 22:29:25 UTC] PHP Fatal error:  Uncaught exception 'PDOException' with message 'SQLSTATE[HY093]: Invalid parameter number: number of bound variables does not match number of tokens' in /home/ubuntu/workspace/cst336/Labs/lab6/index.php:55
Stack trace:
#0 /home/ubuntu/workspace/cst336/Labs/lab6/index.php(55): PDOStatement->execute(Array)
#1 /home/ubuntu/workspace/cst336/Labs/lab6/index.php(90): filterProducts()
#2 {main}
  thrown in /home/ubuntu/workspace/cst336/Labs/lab6/index.php on line 55
[15-Oct-2018 22:33:34 UTC] PHP Fatal error:  Uncaught exception 'PDOException' with message 'SQLSTATE[HY093]: Invalid parameter number: number of bound variables does not match number of tokens' in /home/ubuntu/workspace/cst336/Labs/lab6/index.php:55
Stack trace:
#0 /home/ubuntu/workspace/cst336/Labs/lab6/index.php(55): PDOStatement->execute(Array)
#1 /home/ubuntu/workspace/cst336/Labs/lab6/index.php(90): filterProducts()
#2 {main}
  thrown in /home/ubuntu/workspace/cst336/Labs/lab6/index.php on line 55
[15-Oct-2018 22:35:38 UTC] PHP Fatal error:  Uncaught exception 'PDOException' with message 'SQLSTATE[HY093]: Invalid parameter number: number of bound variables does not match number of tokens' in /home/ubuntu/workspace/cst336/Labs/lab6/index.php:55
Stack trace:
#0 /home/ubuntu/workspace/cst336/Labs/lab6/index.php(55): PDOStatement->execute(Array)
#1 /home/ubuntu/workspace/cst336/Labs/lab6/index.php(90): filterProducts()
#2 {main}
  thrown in /home/ubuntu/workspace/cst336/Labs/lab6/index.php on line 55
[15-Oct-2018 22:35:52 UTC] PHP Fatal error:  Uncaught exception 'PDOException' with message 'SQLSTATE[HY093]: Invalid parameter number: number of bound variables does not match number of tokens' in /home/ubuntu/workspace/cst336/Labs/lab6/index.php:55
Stack trace:
#0 /home/ubuntu/workspace/cst336/Labs/lab6/index.php(55): PDOStatement->execute(Array)
#1 /home/ubuntu/workspace/cst336/Labs/lab6/index.php(90): filterProducts()
#2 {main}
  thrown in /home/ubuntu/workspace/cst336/Labs/lab6/index.php on line 55
[15-Oct-2018 22:36:03 UTC] PHP Fatal error:  Uncaught exception 'PDOException' with message 'SQLSTATE[HY093]: Invalid parameter number: number of bound variables does not match number of tokens' in /home/ubuntu/workspace/cst336/Labs/lab6/index.php:55
Stack trace:
#0 /home/ubuntu/workspace/cst336/Labs/lab6/index.php(55): PDOStatement->execute(Array)
#1 /home/ubuntu/workspace/cst336/Labs/lab6/index.php(90): filterProducts()
#2 {main}
  thrown in /home/ubuntu/workspace/cst336/Labs/lab6/index.php on line 55
[15-Oct-2018 22:36:05 UTC] PHP Fatal error:  Uncaught exception 'PDOException' with message 'SQLSTATE[HY093]: Invalid parameter number: number of bound variables does not match number of tokens' in /home/ubuntu/workspace/cst336/Labs/lab6/index.php:55
Stack trace:
#0 /home/ubuntu/workspace/cst336/Labs/lab6/index.php(55): PDOStatement->execute(Array)
#1 /home/ubuntu/workspace/cst336/Labs/lab6/index.php(90): filterProducts()
#2 {main}
  thrown in /home/ubuntu/workspace/cst336/Labs/lab6/index.php on line 55
[15-Oct-2018 22:36:44 UTC] PHP Fatal error:  Uncaught exception 'PDOException' with message 'SQLSTATE[HY093]: Invalid parameter number: number of bound variables does not match number of tokens' in /home/ubuntu/workspace/cst336/Labs/lab6/index.php:55
Stack trace:
#0 /home/ubuntu/workspace/cst336/Labs/lab6/index.php(55): PDOStatement->execute(Array)
#1 /home/ubuntu/workspace/cst336/Labs/lab6/index.php(98): filterProducts()
#2 {main}
  thrown in /home/ubuntu/workspace/cst336/Labs/lab6/index.php on line 55
[15-Oct-2018 22:37:12 UTC] PHP Fatal error:  Uncaught exception 'PDOException' with message 'SQLSTATE[HY093]: Invalid parameter number: number of bound variables does not match number of tokens' in /home/ubuntu/workspace/cst336/Labs/lab6/index.php:55
Stack trace:
#0 /home/ubuntu/workspace/cst336/Labs/lab6/index.php(55): PDOStatement->execute(Array)
#1 /home/ubuntu/workspace/cst336/Labs/lab6/index.php(98): filterProducts()
#2 {main}
  thrown in /home/ubuntu/workspace/cst336/Labs/lab6/index.php on line 55
[15-Oct-2018 22:41:08 UTC] PHP Fatal error:  Uncaught exception 'PDOException' with message 'SQLSTATE[HY093]: Invalid parameter number: number of bound variables does not match number of tokens' in /home/ubuntu/workspace/cst336/Labs/lab6/index.php:67
Stack trace:
#0 /home/ubuntu/workspace/cst336/Labs/lab6/index.php(67): PDOStatement->execute(Array)
#1 /home/ubuntu/workspace/cst336/Labs/lab6/index.php(110): filterProducts()
#2 {main}
  thrown in /home/ubuntu/workspace/cst336/Labs/lab6/index.php on line 67
[15-Oct-2018 22:43:42 UTC] PHP Fatal error:  Uncaught exception 'PDOException' with message 'SQLSTATE[HY093]: Invalid parameter number: number of bound variables does not match number of tokens' in /home/ubuntu/workspace/cst336/Labs/lab6/index.php:68
Stack trace:
#0 /home/ubuntu/workspace/cst336/Labs/lab6/index.php(68): PDOStatement->execute(Array)
#1 /home/ubuntu/workspace/cst336/Labs/lab6/index.php(111): filterProducts()
#2 {main}
  thrown in /home/ubuntu/workspace/cst336/Labs/lab6/index.php on line 68
[15-Oct-2018 22:44:00 UTC] PHP Fatal error:  Uncaught exception 'PDOException' with message 'SQLSTATE[HY093]: Invalid parameter number: number of bound variables does not match number of tokens' in /home/ubuntu/workspace/cst336/Labs/lab6/index.php:68
Stack trace:
#0 /home/ubuntu/workspace/cst336/Labs/lab6/index.php(68): PDOStatement->execute(Array)
#1 /home/ubuntu/workspace/cst336/Labs/lab6/index.php(111): filterProducts()
#2 {main}
  thrown in /home/ubuntu/workspace/cst336/Labs/lab6/index.php on line 68
[22-Oct-2018 22:21:18 UTC] PHP Fatal error:  Uncaught exception 'PDOException' with message 'SQLSTATE[42S02]: Base table or view not found: 1146 Table 'ottermart.om_admin' doesn't exist' in /home/ubuntu/workspace/cst336/Labs/lab7/loginProcess.php:14
Stack trace:
#0 /home/ubuntu/workspace/cst336/Labs/lab7/loginProcess.php(14): PDOStatement->execute()
#1 {main}
  thrown in /home/ubuntu/workspace/cst336/Labs/lab7/loginProcess.php on line 14
[25-Oct-2018 20:35:59 UTC] PHP Fatal error:  Uncaught exception 'PDOException' with message 'SQLSTATE[42000]: Syntax error or access violation: 1064 You have an error in your SQL syntax; check the manual that corresponds to your MySQL server version for the right syntax to use near ':=pId' at line 4' in /home/ubuntu/workspace/cst336/Labs/lab6/productInfo.php:19
Stack trace:
#0 /home/ubuntu/workspace/cst336/Labs/lab6/productInfo.php(19): PDOStatement->execute(Array)
#1 /home/ubuntu/workspace/cst336/Labs/lab6/productInfo.php(59): displayProductInfo()
#2 {main}
  thrown in /home/ubuntu/workspace/cst336/Labs/lab6/productInfo.php on line 19
[26-Oct-2018 21:56:27 UTC] PHP Fatal error:  Uncaught exception 'PDOException' with message 'SQLSTATE[HY000] [1049] Unknown database 'heroku_e9ef217e62cdb47'' in /home/ubuntu/workspace/cst336/inc/dbConnection.php:23
Stack trace:
#0 /home/ubuntu/workspace/cst336/inc/dbConnection.php(23): PDO->__construct('mysql:host=loca...', 'root', '')
#1 /home/ubuntu/workspace/cst336/Labs/lab6/index.php(5): startConnection('heroku_e9ef217e...')
#2 {main}
  thrown in /home/ubuntu/workspace/cst336/inc/dbConnection.php on line 23
